<?xml version="1.0" encoding="UTF-8"?>
<testng-results ignored="0" total="1" passed="1" failed="0" skipped="0">
  <reporter-output>
  </reporter-output>
  <suite started-at="2026-02-06T12:37:17 IST" name="Default suite" finished-at="2026-02-06T12:37:25 IST" duration-ms="8072">
    <groups>
    </groups>
    <test started-at="2026-02-06T12:37:17 IST" name="Default test" finished-at="2026-02-06T12:37:25 IST" duration-ms="8072">
      <class name="seleniumbasic.NotificationPOpUp">
        <test-method signature="NotificationPopup()[pri:0, instance:seleniumbasic.NotificationPOpUp@4802796d]" started-at="2026-02-06T12:37:17 IST" name="NotificationPopup" finished-at="2026-02-06T12:37:25 IST" duration-ms="8015" status="PASS">
          <reporter-output>
          </reporter-output>
        </test-method> <!-- NotificationPopup -->
      </class> <!-- seleniumbasic.NotificationPOpUp -->
    </test> <!-- Default test -->
  </suite> <!-- Default suite -->
</testng-results>
