<?xml version="1.0" encoding="UTF-8"?>
<testng-results ignored="0" total="1" passed="1" failed="0" skipped="0">
  <reporter-output>
  </reporter-output>
  <suite started-at="2026-01-26T20:05:59 IST" name="Default suite" finished-at="2026-01-26T20:06:01 IST" duration-ms="2234">
    <groups>
    </groups>
    <test started-at="2026-01-26T20:05:59 IST" name="Default test" finished-at="2026-01-26T20:06:01 IST" duration-ms="2234">
      <class name="my_Practice.Sim">
        <test-method signature="Run()[pri:0, instance:my_Practice.Sim@55b699ef]" started-at="2026-01-26T20:05:59 IST" name="Run" finished-at="2026-01-26T20:06:01 IST" duration-ms="2180" status="PASS">
          <reporter-output>
          </reporter-output>
        </test-method> <!-- Run -->
      </class> <!-- my_Practice.Sim -->
    </test> <!-- Default test -->
  </suite> <!-- Default suite -->
</testng-results>
