<?xml version="1.0" encoding="UTF-8"?>
<!-- Generated by org.testng.reporters.JUnitReportReporter -->
<testsuite hostname="Dinesh-Chigari" failures="0" tests="6" name="com.Restrequest.PriorityExample" time="0.016" errors="0" timestamp="2026-01-19T10:09:57 IST" skipped="0">
  <testcase classname="com.Restrequest.PriorityExample" name="DeleteUser" time="0.010"/>
  <testcase classname="com.Restrequest.PriorityExample" name="aaongUser" time="0.001"/>
  <testcase classname="com.Restrequest.PriorityExample" name="doubleuser" time="0.001"/>
  <testcase classname="com.Restrequest.PriorityExample" name="UpdateUser" time="0.001"/>
  <testcase classname="com.Restrequest.PriorityExample" name="adduser" time="0.002"/>
  <testcase classname="com.Restrequest.PriorityExample" name="GetUser" time="0.001"/>
</testsuite> <!-- com.Restrequest.PriorityExample -->
